<?xml version="1.0" encoding="UTF-8"?>
<testng-results skipped="0" failed="0" ignored="0" total="1" passed="1">
  <reporter-output>
  </reporter-output>
  <suite name="Default suite" duration-ms="14238" started-at="2019-12-30T16:56:12 IST" finished-at="2019-12-30T16:56:27 IST">
    <groups>
    </groups>
    <test name="Default test" duration-ms="14238" started-at="2019-12-30T16:56:12 IST" finished-at="2019-12-30T16:56:27 IST">
      <class name="TestCases.NewTest">
        <test-method status="PASS" signature="beforeMethod()[pri:0, instance:TestCases.NewTest@4135c3b]" name="beforeMethod" is-config="true" duration-ms="13046" started-at="2019-12-30T16:56:12 IST" finished-at="2019-12-30T16:56:26 IST">
          <reporter-output>
          </reporter-output>
        </test-method> <!-- beforeMethod -->
        <test-method status="PASS" signature="f()[pri:0, instance:TestCases.NewTest@4135c3b]" name="f" duration-ms="19" started-at="2019-12-30T16:56:26 IST" finished-at="2019-12-30T16:56:26 IST">
          <reporter-output>
          </reporter-output>
        </test-method> <!-- f -->
        <test-method status="PASS" signature="afterMethod()[pri:0, instance:TestCases.NewTest@4135c3b]" name="afterMethod" is-config="true" duration-ms="1099" started-at="2019-12-30T16:56:26 IST" finished-at="2019-12-30T16:56:27 IST">
          <reporter-output>
          </reporter-output>
        </test-method> <!-- afterMethod -->
      </class> <!-- TestCases.NewTest -->
    </test> <!-- Default test -->
  </suite> <!-- Default suite -->
</testng-results>
